<?xml version="1.0" encoding="UTF-8"?>
<!-- Generated by org.testng.reporters.JUnitReportReporter -->
<testsuite hostname="LAPTOP-S8958LO2" failures="0" tests="2" name="com.testng.Exclude" time="0.010" errors="0" timestamp="2024-05-05T11:29:55 IST" skipped="0">
  <testcase classname="com.testng.Exclude" name="user" time="0.009"/>
  <testcase classname="com.testng.Exclude" name="loginbutton" time="0.001"/>
</testsuite> <!-- com.testng.Exclude -->
