<?xml version="1.0" encoding="UTF-8"?>
<!-- Generated by org.testng.reporters.JUnitReportReporter -->
<testsuite hostname="LAPTOP-S8958LO2" failures="0" tests="3" name="com.testng.TestGroup2" time="0.018" errors="0" timestamp="2024-05-04T12:54:08 IST" skipped="0">
  <testcase classname="com.testng.TestGroup2" name="test6" time="0.005"/>
  <testcase classname="com.testng.TestGroup2" name="test4" time="0.005"/>
  <testcase classname="com.testng.TestGroup2" name="test5" time="0.008"/>
</testsuite> <!-- com.testng.TestGroup2 -->
