<?xml version="1.0" encoding="UTF-8"?>
<!-- Generated by org.testng.reporters.JUnitReportReporter -->
<testsuite hostname="LAPTOP-S8958LO2" failures="0" tests="6" name="com.testng.Priority$Login" time="0.044" errors="0" timestamp="2024-05-29T15:34:09 IST" skipped="0">
  <testcase classname="com.testng.Priority$Login" name="sendEmail" time="0.011"/>
  <testcase classname="com.testng.Priority$Login" name="loginTest" time="0.008"/>
  <testcase classname="com.testng.Priority$Login" name="meetUp" time="0.014"/>
  <testcase classname="com.testng.Priority$Login" name="registerTest" time="0.005"/>
  <testcase classname="com.testng.Priority$Login" name="checkCalendar" time="0.003"/>
  <testcase classname="com.testng.Priority$Login" name="logoutTest" time="0.003"/>
</testsuite> <!-- com.testng.Priority$Login -->
