<?xml version="1.0" encoding="UTF-8"?>
<!-- Generated by org.testng.reporters.JUnitReportReporter -->
<testsuite hostname="LAPTOP-S8958LO2" failures="0" tests="3" name="com.testng.TestGroup1" time="0.025" errors="0" timestamp="2024-05-04T12:54:08 IST" skipped="0">
  <testcase classname="com.testng.TestGroup1" name="test1" time="0.008"/>
  <testcase classname="com.testng.TestGroup1" name="test2" time="0.008"/>
  <testcase classname="com.testng.TestGroup1" name="test3" time="0.009"/>
</testsuite> <!-- com.testng.TestGroup1 -->
