<?xml version="1.0" encoding="UTF-8"?>
<!-- Generated by org.testng.reporters.JUnitReportReporter -->
<testsuite hostname="LAPTOP-S8958LO2" failures="0" tests="1" name="com.testng.Sample" time="0.010" errors="0" timestamp="2024-05-04T12:07:11 IST" skipped="0">
  <testcase classname="com.testng.Sample" name="test" time="0.010"/>
</testsuite> <!-- com.testng.Sample -->
