<?xml version="1.0" encoding="UTF-8"?>
<!-- Generated by org.testng.reporters.JUnitReportReporter -->
<testsuite hostname="LAPTOP-S8958LO2" failures="0" tests="3" name="com.testng.TestThree" time="0.016" errors="0" timestamp="2024-05-04T12:39:31 IST" skipped="0">
  <testcase classname="com.testng.TestThree" name="test1" time="0.012"/>
  <testcase classname="com.testng.TestThree" name="test2" time="0.001"/>
  <testcase classname="com.testng.TestThree" name="test3" time="0.003"/>
</testsuite> <!-- com.testng.TestThree -->
