<?xml version="1.0" encoding="UTF-8"?>
<!-- Generated by org.testng.reporters.JUnitReportReporter -->
<testsuite hostname="LAPTOP-S8958LO2" failures="0" tests="3" name="com.testng.FailedRerun" time="0.025" errors="0" timestamp="2024-05-05T13:42:54 IST" skipped="0">
  <testcase classname="com.testng.FailedRerun" name="pass" time="0.013"/>
  <testcase classname="com.testng.FailedRerun" name="user" time="0.003"/>
  <testcase classname="com.testng.FailedRerun" name="loginbutton" time="0.009"/>
</testsuite> <!-- com.testng.FailedRerun -->
