<?xml version="1.0" encoding="UTF-8"?>
<!-- Generated by org.testng.reporters.JUnitReportReporter -->
<testsuite hostname="LAPTOP-S8958LO2" failures="0" tests="1" name="com.testng.Include" time="0.007" errors="0" timestamp="2024-05-05T11:23:33 IST" skipped="0">
  <testcase classname="com.testng.Include" name="pass" time="0.007"/>
</testsuite> <!-- com.testng.Include -->
