<?xml version="1.0" encoding="UTF-8"?>
<!-- Generated by org.testng.reporters.JUnitReportReporter -->
<testsuite hostname="LAPTOP-S8958LO2" failures="0" tests="3" name="com.testng.TestOne" time="0.016" errors="0" timestamp="2024-05-04T12:34:34 IST" skipped="0">
  <testcase classname="com.testng.TestOne" name="user" time="0.007"/>
  <testcase classname="com.testng.TestOne" name="pass" time="0.004"/>
  <testcase classname="com.testng.TestOne" name="loginButton" time="0.005"/>
</testsuite> <!-- com.testng.TestOne -->
