<?xml version="1.0" encoding="UTF-8"?>
<!-- Generated by org.testng.reporters.JUnitReportReporter -->
<testsuite hostname="LAPTOP-S8958LO2" failures="0" tests="3" name="com.testng.TestTwo" time="0.012" errors="0" timestamp="2024-05-04T12:19:02 IST" skipped="0">
  <testcase classname="com.testng.TestTwo" name="test1" time="0.007"/>
  <testcase classname="com.testng.TestTwo" name="test2" time="0.003"/>
  <testcase classname="com.testng.TestTwo" name="test3" time="0.002"/>
</testsuite> <!-- com.testng.TestTwo -->
